This file contains any messages produced by compilers while
running configure, to aid debugging if configure makes a mistake.

It was created by qe-gipaw configure 5.0svn, which was
generated by GNU Autoconf 2.69.  Invocation command line was

  $ ./configure --with-qe-source=/home/ceresoli/Codes/converse-nmr/branches/5

## --------- ##
## Platform. ##
## --------- ##

hostname = darkstar
uname -m = x86_64
uname -r = 3.8.0-35-generic
uname -s = Linux
uname -v = #50-Ubuntu SMP Tue Dec 3 01:24:59 UTC 2013

/usr/bin/uname -p = unknown
/bin/uname -X     = unknown

/bin/arch              = unknown
/usr/bin/arch -k       = unknown
/usr/convex/getsysinfo = unknown
/usr/bin/hostinfo      = unknown
/bin/machine           = unknown
/usr/bin/oslevel       = unknown
/bin/universe          = unknown

PATH: /opt/openmpi/1.6.4-gnu/bin
PATH: /opt/bin
PATH: /home/ceresoli/Programs/bin
PATH: /usr/lib/lightdm/lightdm
PATH: /usr/local/sbin
PATH: /usr/local/bin
PATH: /usr/sbin
PATH: /usr/bin
PATH: /sbin
PATH: /bin
PATH: /usr/games
PATH: /usr/local/games
PATH: /home/ceresoli/Programs/gaussian09/g09/bsd
PATH: /home/ceresoli/Programs/gaussian09/g09/private
PATH: /home/ceresoli/Programs/gaussian09/g09


## ----------- ##
## Core tests. ##
## ----------- ##

configure:1705: checking for /home/ceresoli/Codes/converse-nmr/branches/5/make.sys
configure:1719: result: yes
configure:1730: checking for /home/ceresoli/Codes/converse-nmr/branches/5/Modules/version.f90
configure:1744: result: yes
configure:1754: checking Quantum-Espresso version
configure:1757: result: 5.0.2
configure:1765: checking Quantum-Espresso SVN revision
configure:1768: result: 34:42
configure:1939: creating ./config.status

## ---------------------- ##
## Running config.status. ##
## ---------------------- ##

This file was extended by qe-gipaw config.status 5.0svn, which was
generated by GNU Autoconf 2.69.  Invocation command line was

  CONFIG_FILES    = 
  CONFIG_HEADERS  = 
  CONFIG_LINKS    = 
  CONFIG_COMMANDS = 
  $ ./config.status 

on darkstar

config.status:722: creating makedeps.sh
config.status:722: creating src/Makefile
config.status:722: creating src/Makefile-gpu
config.status:883: executing default commands

## ---------------- ##
## Cache variables. ##
## ---------------- ##

ac_cv_env_build_alias_set=
ac_cv_env_build_alias_value=
ac_cv_env_host_alias_set=
ac_cv_env_host_alias_value=
ac_cv_env_target_alias_set=
ac_cv_env_target_alias_value=
ac_cv_file__home_ceresoli_Codes_converse_nmr_branches_5_Modules_version_f90=yes
ac_cv_file__home_ceresoli_Codes_converse_nmr_branches_5_make_sys=yes

## ----------------- ##
## Output variables. ##
## ----------------- ##

DEFS='-DPACKAGE_NAME=\"qe-gipaw\" -DPACKAGE_TARNAME=\"qe-gipaw\" -DPACKAGE_VERSION=\"5.0svn\" -DPACKAGE_STRING=\"qe-gipaw\ 5.0svn\" -DPACKAGE_BUGREPORT=\"dceresoli@gmail.com\" -DPACKAGE_URL=\"\"'
ECHO_C=''
ECHO_N='-n'
ECHO_T=''
LIBOBJS=''
LIBS=''
LTLIBOBJS=''
PACKAGE_BUGREPORT='dceresoli@gmail.com'
PACKAGE_NAME='qe-gipaw'
PACKAGE_STRING='qe-gipaw 5.0svn'
PACKAGE_TARNAME='qe-gipaw'
PACKAGE_URL=''
PACKAGE_VERSION='5.0svn'
PATH_SEPARATOR=':'
SHELL='/bin/bash'
bindir='${exec_prefix}/bin'
build_alias=''
datadir='${datarootdir}'
datarootdir='${prefix}/share'
dflags_gipaw=''
docdir='${datarootdir}/doc/${PACKAGE_TARNAME}'
dvidir='${docdir}'
exec_prefix='${prefix}'
host_alias=''
htmldir='${docdir}'
includedir='${prefix}/include'
infodir='${datarootdir}/info'
libdir='${exec_prefix}/lib'
libexecdir='${exec_prefix}/libexec'
localedir='${datarootdir}/locale'
localstatedir='${prefix}/var'
mandir='${datarootdir}/man'
oldincludedir='/usr/include'
pdfdir='${docdir}'
prefix='/usr/local'
program_transform_name='s,x,x,'
psdir='${docdir}'
qe_source='/home/ceresoli/Codes/converse-nmr/branches/5'
sbindir='${exec_prefix}/sbin'
sharedstatedir='${prefix}/com'
sysconfdir='${prefix}/etc'
target_alias=''

## ----------- ##
## confdefs.h. ##
## ----------- ##

/* confdefs.h */
#define PACKAGE_NAME "qe-gipaw"
#define PACKAGE_TARNAME "qe-gipaw"
#define PACKAGE_VERSION "5.0svn"
#define PACKAGE_STRING "qe-gipaw 5.0svn"
#define PACKAGE_BUGREPORT "dceresoli@gmail.com"
#define PACKAGE_URL ""

configure: exit 0
